<?xml version="1.0" encoding="UTF-8"?>
<testng-results ignored="0" total="1" passed="1" failed="0" skipped="0">
  <reporter-output>
  </reporter-output>
  <suite started-at="2025-04-14T22:04:58 IST" name="Default suite" finished-at="2025-04-14T22:05:09 IST" duration-ms="11593">
    <groups>
    </groups>
    <test started-at="2025-04-14T22:04:58 IST" name="Default test" finished-at="2025-04-14T22:05:09 IST" duration-ms="11593">
      <class name="LoginTest">
        <test-method is-config="true" signature="setUp()[pri:0, instance:LoginTest@4686afc2]" started-at="2025-04-14T22:04:58 IST" name="setUp" finished-at="2025-04-14T22:05:08 IST" duration-ms="10628" status="PASS">
          <reporter-output>
          </reporter-output>
        </test-method> <!-- setUp -->
        <test-method signature="validLogin()[pri:0, instance:LoginTest@4686afc2]" started-at="2025-04-14T22:05:08 IST" name="validLogin" finished-at="2025-04-14T22:05:09 IST" duration-ms="348" status="PASS">
          <reporter-output>
          </reporter-output>
        </test-method> <!-- validLogin -->
        <test-method is-config="true" signature="closeBrowser()[pri:0, instance:LoginTest@4686afc2]" started-at="2025-04-14T22:05:09 IST" name="closeBrowser" finished-at="2025-04-14T22:05:09 IST" duration-ms="559" status="PASS">
          <reporter-output>
          </reporter-output>
        </test-method> <!-- closeBrowser -->
      </class> <!-- LoginTest -->
    </test> <!-- Default test -->
  </suite> <!-- Default suite -->
</testng-results>
